[1]
[1]
[1]
[1]
[1]
[1]
[1]
[1]
 "universe"
 "universe"
 "universe"
 "universe"
 "universe"
 "universe"
 "universe"
 "universe"








[1]
[1]
[1]
[1]
[1]
[1]
[1]
[1]
 8
 8
 8
 8
 8
 8
 8
 8








[1]
[1]
[1]
[1]
[1]
[1]
[1]
[1]
 "rank"
 "rank"
 "rank"
 "rank"
 "rank"
 "rank"
 "rank"
 "rank"








[1]
[1]
[1]
[1]
[1]
[1]
[1]
[1]
 0
 2
 1
 7
 6
 3
 4
 5








0
1
2
 
6
 
7
 
4
5
3
I am a boss R!
 
I am a worker R
 
I am a worker R
 
 
 
 
I am a worker R
 
I am a worker R
 
I am a worker R
I am a worker R
I am a worker R

 

 

 
 
 





