[1]
[1]
[1]
[1]
[1]
[1]
[1]
[1]
 "universe"
 "universe"
 "universe"
 "universe"
 "universe"
 "universe"
 "universe"
 "universe"








[1]
[1]
[1]
[1]
[1]
[1]
[1]
[1]
 8
 8
 8
 8
 8
 8
 8
 8








[1]
[1]
[1]
[1]
[1]
[1]
[1]
[1]
 TRUE
 TRUE
 TRUE
 TRUE
 TRUE
 TRUE
 TRUE
 TRUE








[1]
[1]
[1]
[1]
[1]
[1]
[1]
[1]
 "rank"
 "rank"
 "rank"
 "rank"
 "rank"
 "rank"
 "rank"
 "rank"








[1]
[1]
[1]
[1]
[1]
[1]
[1]
[1]
 0
 6
 4
 3
 2
 7
 1
 5








0
6
4
3
2
7
1
5
 
 
 
 
 
 
 
 
I am a boss R!
I am a worker R
I am a worker R
I am a worker R
I am a worker R
I am a worker R
I am a worker R
I am a worker R
 
 
 
 
 
 
 
 








